<?xml version="1.0" encoding="UTF-8"?>
<testng-results ignored="0" total="1" passed="1" failed="0" skipped="0">
  <reporter-output>
  </reporter-output>
  <suite started-at="2021-04-01T13:47:11Z" name="Suite" finished-at="2021-04-01T13:48:36Z" duration-ms="84363">
    <groups>
    </groups>
    <test started-at="2021-04-01T13:47:11Z" name="Test" finished-at="2021-04-01T13:48:36Z" duration-ms="84363">
      <class name="Practice.AppiumFramework.SumValidation">
        <test-method signature="totalValidation()[pri:0, instance:Practice.AppiumFramework.SumValidation@38089a5a]" started-at="2021-04-01T13:47:12Z" name="totalValidation" finished-at="2021-04-01T13:48:36Z" duration-ms="84252" status="PASS">
          <reporter-output>
          </reporter-output>
        </test-method> <!-- totalValidation -->
      </class> <!-- Practice.AppiumFramework.SumValidation -->
    </test> <!-- Test -->
  </suite> <!-- Suite -->
</testng-results>
