<?xml version="1.0" encoding="UTF-8"?>
<testng-results ignored="0" total="2" passed="2" failed="0" skipped="0">
  <reporter-output>
  </reporter-output>
  <suite started-at="2021-04-01T14:18:54 BST" name="Default suite" finished-at="2021-04-01T14:21:36 BST" duration-ms="161964">
    <groups>
    </groups>
    <test started-at="2021-04-01T14:18:54 BST" name="Default test" finished-at="2021-04-01T14:21:36 BST" duration-ms="161964">
      <class name="Practice.AppiumFramework.apiDemoTest">
        <test-method is-config="true" signature="killNodes()[pri:0, instance:Practice.AppiumFramework.apiDemoTest@68999068]" started-at="2021-04-01T14:18:54 BST" name="killNodes" finished-at="2021-04-01T14:19:00 BST" duration-ms="6090" status="PASS">
          <reporter-output>
          </reporter-output>
        </test-method> <!-- killNodes -->
        <test-method signature="apiDemo(java.lang.String)[pri:0, instance:Practice.AppiumFramework.apiDemoTest@68999068]" started-at="2021-04-01T14:19:00 BST" name="apiDemo" data-provider="testdata" finished-at="2021-04-01T14:20:13 BST" duration-ms="72279" status="PASS">
          <params>
            <param index="0">
              <value>
                <![CDATA[hello]]>
              </value>
            </param>
          </params>
          <reporter-output>
          </reporter-output>
        </test-method> <!-- apiDemo -->
        <test-method signature="apiDemo(java.lang.String)[pri:0, instance:Practice.AppiumFramework.apiDemoTest@68999068]" started-at="2021-04-01T14:20:13 BST" name="apiDemo" data-provider="testdata" finished-at="2021-04-01T14:21:36 BST" duration-ms="83256" status="PASS">
          <params>
            <param index="0">
              <value>
                <![CDATA[&*(!]]>
              </value>
            </param>
          </params>
          <reporter-output>
          </reporter-output>
        </test-method> <!-- apiDemo -->
      </class> <!-- Practice.AppiumFramework.apiDemoTest -->
    </test> <!-- Default test -->
  </suite> <!-- Default suite -->
</testng-results>
